<?xml version="1.0" encoding="UTF-8"?>
<!-- Generated by org.testng.reporters.JUnitReportReporter -->
<testsuite hostname="Pradeep" failures="0" tests="1" name="com.amazonUI.ProductTest" time="17.822" errors="0" timestamp="2025-05-22T13:17:31 IST" skipped="0">
  <testcase classname="com.amazonUI.ProductTest" name="test" time="17.822"/>
</testsuite> <!-- com.amazonUI.ProductTest -->
